Build started 7/14/2015 11:05:27 PM.
     1>Project "C:\Users\vaderas\workspace\watchdog_another_service_win32\windows_service\watchdog_another_service_win32.vcxproj" on node 2 (Build target(s)).
     1>C:\Program Files (x86)\MSBuild\12.0\bin\Microsoft.Common.CurrentVersion.targets(1430,5): warning : The referenced project '..\libsll\msw\libsll.vcxproj' does not exist.
     1>ClCompile:
         C:\Program Files (x86)\Microsoft Visual Studio 12.0\VC\bin\x86_amd64\CL.exe /c /Zi /nologo /W3 /WX- /Od /D PCRE_STATIC /D WIN32 /D _MBCS /D LOADER_EXPORTS /D _MBCS /Gm /EHsc /RTC1 /MDd /GS /fp:precise /Zc:wchar_t /Zc:forScope /Fo"x64\Debug\\" /Fd"x64\Debug\vc120.pdb" /Gd /TP /errorReport:prompt io.cpp kill_process.cpp main.cpp odbc.cpp updater.cpp
         io.cpp
     1>C:\Program Files (x86)\Windows Kits\8.1\Include\shared\minwindef.h(132): warning C4005: 'PASCAL' : macro redefinition
                 C:\Program Files (x86)\Windows Kits\8.1\Include\shared\Lmcons.h(45) : see previous definition of 'PASCAL'
     1>c:\users\vaderas\workspace\watchdog_another_service_win32\windows_service\odbc.h(124): warning C4190: 'ExePath' has C-linkage specified, but returns UDT 'std::basic_string<char,std::char_traits<char>,std::allocator<char>>' which is incompatible with C
     1>io.cpp(70): warning C4996: 'localtime': This function or variable may be unsafe. Consider using localtime_s instead. To disable deprecation, use _CRT_SECURE_NO_WARNINGS. See online help for details.
                 C:\Program Files (x86)\Microsoft Visual Studio 12.0\VC\include\time.inl(112) : see declaration of 'localtime'
     1>io.cpp(141): warning C4996: 'localtime': This function or variable may be unsafe. Consider using localtime_s instead. To disable deprecation, use _CRT_SECURE_NO_WARNINGS. See online help for details.
                 C:\Program Files (x86)\Microsoft Visual Studio 12.0\VC\include\time.inl(112) : see declaration of 'localtime'
     1>io.cpp(145): warning C4996: 'strncat': This function or variable may be unsafe. Consider using strncat_s instead. To disable deprecation, use _CRT_SECURE_NO_WARNINGS. See online help for details.
                 C:\Program Files (x86)\Microsoft Visual Studio 12.0\VC\include\string.h(186) : see declaration of 'strncat'
     1>io.cpp(150): warning C4996: 'fopen': This function or variable may be unsafe. Consider using fopen_s instead. To disable deprecation, use _CRT_SECURE_NO_WARNINGS. See online help for details.
                 C:\Program Files (x86)\Microsoft Visual Studio 12.0\VC\include\stdio.h(211) : see declaration of 'fopen'
     1>io.cpp(166): warning C4996: 'vsnprintf': This function or variable may be unsafe. Consider using vsnprintf_s instead. To disable deprecation, use _CRT_SECURE_NO_WARNINGS. See online help for details.
                 C:\Program Files (x86)\Microsoft Visual Studio 12.0\VC\include\stdio.h(337) : see declaration of 'vsnprintf'
     1>io.cpp(175): warning C4996: 'localtime': This function or variable may be unsafe. Consider using localtime_s instead. To disable deprecation, use _CRT_SECURE_NO_WARNINGS. See online help for details.
                 C:\Program Files (x86)\Microsoft Visual Studio 12.0\VC\include\time.inl(112) : see declaration of 'localtime'
     1>io.cpp(179): warning C4996: 'strncat': This function or variable may be unsafe. Consider using strncat_s instead. To disable deprecation, use _CRT_SECURE_NO_WARNINGS. See online help for details.
                 C:\Program Files (x86)\Microsoft Visual Studio 12.0\VC\include\string.h(186) : see declaration of 'strncat'
     1>io.cpp(184): warning C4996: 'fopen': This function or variable may be unsafe. Consider using fopen_s instead. To disable deprecation, use _CRT_SECURE_NO_WARNINGS. See online help for details.
                 C:\Program Files (x86)\Microsoft Visual Studio 12.0\VC\include\stdio.h(211) : see declaration of 'fopen'
         Generating Code...
         Skipping... (no relevant changes detected)
         updater.cpp
         odbc.cpp
         main.cpp
         kill_process.cpp
       Link:
         C:\Program Files (x86)\Microsoft Visual Studio 12.0\VC\bin\x86_amd64\link.exe /ERRORREPORT:PROMPT /OUT:"x64\Debug\windows_service.exe" /INCREMENTAL /NOLOGO /LIBPATH:..\x64\Debug\ winmm.lib ws2_32.lib kernel32.lib user32.lib gdi32.lib winspool.lib comdlg32.lib advapi32.lib shell32.lib ole32.lib oleaut32.lib uuid.lib odbc32.lib odbccp32.lib winmm.lib ws2_32.lib kernel32.lib user32.lib gdi32.lib winspool.lib comdlg32.lib advapi32.lib shell32.lib ole32.lib oleaut32.lib uuid.lib odbc32.lib odbccp32.lib kernel32.lib user32.lib gdi32.lib winspool.lib comdlg32.lib advapi32.lib shell32.lib ole32.lib oleaut32.lib uuid.lib odbc32.lib odbccp32.lib /MANIFEST /MANIFESTUAC:"level='asInvoker' uiAccess='false'" /manifest:embed /DEBUG /PDB:"x64\Debug\windows_service.pdb" /TLBID:1 /DYNAMICBASE /NXCOMPAT /IMPLIB:"x64\Debug\windows_service.lib" /MACHINE:X64 x64\Debug\io.obj
         x64\Debug\kill_process.obj
         x64\Debug\loader.obj
         x64\Debug\main.obj
         x64\Debug\odbc.obj
         x64\Debug\updater.obj
         watchdog_another_service_win32.vcxproj -> C:\Users\vaderas\workspace\watchdog_another_service_win32\windows_service\x64\Debug\windows_service.exe
     1>Done Building Project "C:\Users\vaderas\workspace\watchdog_another_service_win32\windows_service\watchdog_another_service_win32.vcxproj" (Build target(s)).

Build succeeded.

Time Elapsed 00:00:01.87
