Build started 7/18/2015 7:06:11 PM.
     1>Project "C:\Users\vaderas\workspace\watchdog_another_service_win32\windows_service\watchdog_another_service_win32.vcxproj" on node 2 (Build target(s)).
     1>C:\Program Files (x86)\MSBuild\12.0\bin\Microsoft.Common.CurrentVersion.targets(1430,5): warning : The referenced project '..\libsll\msw\libsll.vcxproj' does not exist.
     1>ClCompile:
         C:\Program Files (x86)\Microsoft Visual Studio 12.0\VC\bin\CL.exe /c /ZI /nologo /W3 /WX- /Od /Oy- /D PCRE_STATIC /D WIN32 /D _MBCS /D LOADER_EXPORTS /D _MBCS /Gm /EHsc /RTC1 /MDd /GS /fp:precise /Zc:wchar_t /Zc:forScope /Fo"Win32\Debug\\" /Fd"Win32\Debug\vc120.pdb" /Gd /TP /analyze- /errorReport:prompt updater.cpp
         updater.cpp
     1>c:\program files (x86)\windows kits\8.1\include\shared\minwindef.h(132): warning C4005: 'PASCAL' : macro redefinition
                 c:\program files (x86)\windows kits\8.1\include\shared\lmcons.h(45) : see previous definition of 'PASCAL'
     1>c:\users\vaderas\workspace\watchdog_another_service_win32\windows_service\odbc.h(124): warning C4190: 'ExePath' has C-linkage specified, but returns UDT 'std::basic_string<char,std::char_traits<char>,std::allocator<char>>' which is incompatible with C
     1>c:\users\vaderas\workspace\watchdog_another_service_win32\windows_service\updater.cpp(85): warning C4996: 'sprintf': This function or variable may be unsafe. Consider using sprintf_s instead. To disable deprecation, use _CRT_SECURE_NO_WARNINGS. See online help for details.
                 c:\program files (x86)\microsoft visual studio 12.0\vc\include\stdio.h(356) : see declaration of 'sprintf'
     1>c:\users\vaderas\workspace\watchdog_another_service_win32\windows_service\updater.cpp(109): warning C4996: 'sprintf': This function or variable may be unsafe. Consider using sprintf_s instead. To disable deprecation, use _CRT_SECURE_NO_WARNINGS. See online help for details.
                 c:\program files (x86)\microsoft visual studio 12.0\vc\include\stdio.h(356) : see declaration of 'sprintf'
     1>c:\users\vaderas\workspace\watchdog_another_service_win32\windows_service\updater.cpp(131): warning C4996: 'sprintf': This function or variable may be unsafe. Consider using sprintf_s instead. To disable deprecation, use _CRT_SECURE_NO_WARNINGS. See online help for details.
                 c:\program files (x86)\microsoft visual studio 12.0\vc\include\stdio.h(356) : see declaration of 'sprintf'
     1>c:\users\vaderas\workspace\watchdog_another_service_win32\windows_service\updater.cpp(173): warning C4101: 'result' : unreferenced local variable
     1>c:\users\vaderas\workspace\watchdog_another_service_win32\windows_service\updater.cpp(264): warning C4996: 'sprintf': This function or variable may be unsafe. Consider using sprintf_s instead. To disable deprecation, use _CRT_SECURE_NO_WARNINGS. See online help for details.
                 c:\program files (x86)\microsoft visual studio 12.0\vc\include\stdio.h(356) : see declaration of 'sprintf'
     1>c:\users\vaderas\workspace\watchdog_another_service_win32\windows_service\updater.cpp(257): warning C4101: 'delete_status' : unreferenced local variable
     1>c:\users\vaderas\workspace\watchdog_another_service_win32\windows_service\updater.cpp(290): warning C4101: 'copy_status' : unreferenced local variable
     1>c:\users\vaderas\workspace\watchdog_another_service_win32\windows_service\updater.cpp(410): warning C4244: 'initializing' : conversion from 'double' to 'float', possible loss of data
     1>c:\users\vaderas\workspace\watchdog_another_service_win32\windows_service\updater.cpp(424): warning C4244: 'initializing' : conversion from 'double' to 'float', possible loss of data
       Link:
         C:\Program Files (x86)\Microsoft Visual Studio 12.0\VC\bin\link.exe /ERRORREPORT:PROMPT /OUT:"Win32\Debug\windows_service.exe" /INCREMENTAL /NOLOGO /LIBPATH:..\Win32\Debug\ winmm.lib ws2_32.lib kernel32.lib user32.lib gdi32.lib winspool.lib comdlg32.lib advapi32.lib shell32.lib ole32.lib oleaut32.lib uuid.lib odbc32.lib odbccp32.lib winmm.lib ws2_32.lib kernel32.lib user32.lib gdi32.lib winspool.lib comdlg32.lib advapi32.lib shell32.lib ole32.lib oleaut32.lib uuid.lib odbc32.lib odbccp32.lib kernel32.lib user32.lib gdi32.lib winspool.lib comdlg32.lib advapi32.lib shell32.lib ole32.lib oleaut32.lib uuid.lib odbc32.lib odbccp32.lib /MANIFEST /MANIFESTUAC:"level='asInvoker' uiAccess='false'" /manifest:embed /DEBUG /PDB:"Win32\Debug\windows_service.pdb" /TLBID:1 /DYNAMICBASE /NXCOMPAT /IMPLIB:"Win32\Debug\windows_service.lib" /MACHINE:X86 Win32\Debug\io.obj
         Win32\Debug\kill_process.obj
         Win32\Debug\loader.obj
         Win32\Debug\main.obj
         Win32\Debug\odbc.obj
         Win32\Debug\updater.obj
         watchdog_another_service_win32.vcxproj -> C:\Users\vaderas\workspace\watchdog_another_service_win32\windows_service\Win32\Debug\windows_service.exe
     1>Done Building Project "C:\Users\vaderas\workspace\watchdog_another_service_win32\windows_service\watchdog_another_service_win32.vcxproj" (Build target(s)).

Build succeeded.

Time Elapsed 00:00:01.95
