c:\users\vaderas\workspace\win32servicestarter\windows_service\win32\debug\vc120.pdb
c:\users\vaderas\workspace\win32servicestarter\windows_service\win32\debug\vc120.idb
c:\users\vaderas\workspace\win32servicestarter\windows_service\win32\debug\boyermoore.obj
c:\users\vaderas\workspace\win32servicestarter\windows_service\win32\debug\io.obj
c:\users\vaderas\workspace\win32servicestarter\windows_service\win32\debug\kill_process.obj
c:\users\vaderas\workspace\win32servicestarter\windows_service\win32\debug\loader.obj
c:\users\vaderas\workspace\win32servicestarter\windows_service\win32\debug\main.obj
c:\users\vaderas\workspace\win32servicestarter\windows_service\win32\debug\odbc.obj
c:\users\vaderas\workspace\win32servicestarter\windows_service\win32\debug\updater.obj
c:\users\vaderas\workspace\win32servicestarter\windows_service\win32\debug\windows_service.ilk
c:\users\vaderas\workspace\win32servicestarter\windows_service\win32\debug\windows_service.exe
c:\users\vaderas\workspace\win32servicestarter\windows_service\win32\debug\windows_service.pdb
c:\users\vaderas\workspace\win32servicestarter\windows_service\win32\debug\windows_service.lib
c:\users\vaderas\workspace\win32servicestarter\windows_service\win32\debug\windows_service.exp
c:\users\vaderas\workspace\win32servicestarter\windows_service\win32\debug\windows_service.tlog\cl.command.1.tlog
c:\users\vaderas\workspace\win32servicestarter\windows_service\win32\debug\windows_service.tlog\cl.read.1.tlog
c:\users\vaderas\workspace\win32servicestarter\windows_service\win32\debug\windows_service.tlog\cl.write.1.tlog
c:\users\vaderas\workspace\win32servicestarter\windows_service\win32\debug\windows_service.tlog\link.command.1.tlog
c:\users\vaderas\workspace\win32servicestarter\windows_service\win32\debug\windows_service.tlog\link.read.1.tlog
c:\users\vaderas\workspace\win32servicestarter\windows_service\win32\debug\windows_service.tlog\link.write.1.tlog
c:\users\vaderas\workspace\win32servicestarter\windows_service\win32\debug\windows_service.tlog\windows_service.write.1u.tlog
